<?xml version="1.0" encoding="UTF-8" ?>
<testsuites>
 <testsuite name="Front end e2e test" timestamp="2016-03-25T00:22:24" hostname="localhost" time="23.162" errors="0" tests="8" skipped="0" disabled="0" failures="0">
  <testcase classname="Front end e2e test" name="should register a new user" time="7.472" />
  <testcase classname="Front end e2e test" name="should log in as my test user and validate my status message" time="3.908" />
  <testcase classname="Front end e2e test" name="should update the status" time="3.37" />
  <testcase classname="Front end e2e test" name="should add a new post" time="2.06" />
  <testcase classname="Front end e2e test" name="should add a follower" time="1.984" />
  <testcase classname="Front end e2e test" name="should update email" time="1.892" />
  <testcase classname="Front end e2e test" name="should update zipcode" time="1.217" />
  <testcase classname="Front end e2e test" name="should update pwd, a message will return" time="1.25" />
 </testsuite>
</testsuites>